2019-02-19 11:15:43,070 [main] [org.springframework.test.context.support.DefaultTestContextBootstrapper] [INFO] - Loaded default TestExecutionListener class names from location [META-INF/spring.factories]: [org.springframework.test.context.web.ServletTestExecutionListener, org.springframework.test.context.support.DirtiesContextBeforeModesTestExecutionListener, org.springframework.test.context.support.DependencyInjectionTestExecutionListener, org.springframework.test.context.support.DirtiesContextTestExecutionListener, org.springframework.test.context.transaction.TransactionalTestExecutionListener, org.springframework.test.context.jdbc.SqlScriptsTestExecutionListener]
2019-02-19 11:15:43,090 [main] [org.springframework.test.context.support.DefaultTestContextBootstrapper] [INFO] - Using TestExecutionListeners: [org.springframework.test.context.web.ServletTestExecutionListener@7139e9f8, org.springframework.test.context.support.DirtiesContextBeforeModesTestExecutionListener@112fd2db, org.springframework.test.context.support.DependencyInjectionTestExecutionListener@5abc30ad, org.springframework.test.context.support.DirtiesContextTestExecutionListener@791fdc64, org.springframework.test.context.transaction.TransactionalTestExecutionListener@1abe675c, org.springframework.test.context.jdbc.SqlScriptsTestExecutionListener@4a73d6bb]
2019-02-19 11:15:43,190 [main] [org.springframework.beans.factory.xml.XmlBeanDefinitionReader] [INFO] - Loading XML bean definitions from class path resource [spring-mybatis.xml]
2019-02-19 11:15:43,425 [main] [org.springframework.context.support.GenericApplicationContext] [INFO] - Refreshing org.springframework.context.support.GenericApplicationContext@308820b0: startup date [Tue Feb 19 11:15:43 CST 2019]; root of context hierarchy
2019-02-19 11:15:43,733 [main] [com.mchange.v2.log.MLog] [INFO] - MLog clients using log4j logging.
2019-02-19 11:15:44,309 [main] [StudentDaoTest] [INFO] - Student{lineId=5689, name='刘德华', qq=65656565, type='java', estimatedTime=2019-02-24, graduateFrom='郑州大学', logUrl='http://www.jnshu.com/school/24388/daily?page=1&orderBy=3&sort=1', will='宣言', senior='流', knowFrom='知乎', id=null, createdAt=1550546144309, updatedAt=null}
2019-02-19 11:15:44,671 [main] [org.springframework.beans.factory.xml.XmlBeanDefinitionReader] [INFO] - Loading XML bean definitions from class path resource [org/springframework/jdbc/support/sql-error-codes.xml]
2019-02-19 11:15:44,709 [main] [org.springframework.jdbc.support.SQLErrorCodesFactory] [INFO] - SQLErrorCodes loaded: [DB2, Derby, H2, HDB, HSQL, Informix, MS-SQL, MySQL, Oracle, PostgreSQL, Sybase]
2019-02-19 11:15:44,728 [Thread-1] [org.springframework.context.support.GenericApplicationContext] [INFO] - Closing org.springframework.context.support.GenericApplicationContext@308820b0: startup date [Tue Feb 19 11:15:43 CST 2019]; root of context hierarchy
2019-02-19 11:37:34,482 [main] [org.springframework.test.context.support.DefaultTestContextBootstrapper] [INFO] - Loaded default TestExecutionListener class names from location [META-INF/spring.factories]: [org.springframework.test.context.web.ServletTestExecutionListener, org.springframework.test.context.support.DirtiesContextBeforeModesTestExecutionListener, org.springframework.test.context.support.DependencyInjectionTestExecutionListener, org.springframework.test.context.support.DirtiesContextTestExecutionListener, org.springframework.test.context.transaction.TransactionalTestExecutionListener, org.springframework.test.context.jdbc.SqlScriptsTestExecutionListener]
2019-02-19 11:37:34,498 [main] [org.springframework.test.context.support.DefaultTestContextBootstrapper] [INFO] - Using TestExecutionListeners: [org.springframework.test.context.web.ServletTestExecutionListener@7139e9f8, org.springframework.test.context.support.DirtiesContextBeforeModesTestExecutionListener@112fd2db, org.springframework.test.context.support.DependencyInjectionTestExecutionListener@5abc30ad, org.springframework.test.context.support.DirtiesContextTestExecutionListener@791fdc64, org.springframework.test.context.transaction.TransactionalTestExecutionListener@1abe675c, org.springframework.test.context.jdbc.SqlScriptsTestExecutionListener@4a73d6bb]
2019-02-19 11:37:34,585 [main] [org.springframework.beans.factory.xml.XmlBeanDefinitionReader] [INFO] - Loading XML bean definitions from class path resource [spring-mybatis.xml]
2019-02-19 11:37:35,063 [main] [org.springframework.context.support.GenericApplicationContext] [INFO] - Refreshing org.springframework.context.support.GenericApplicationContext@308820b0: startup date [Tue Feb 19 11:37:35 CST 2019]; root of context hierarchy
2019-02-19 11:37:35,427 [main] [com.mchange.v2.log.MLog] [INFO] - MLog clients using log4j logging.
2019-02-19 11:37:36,050 [main] [StudentDaoTest] [INFO] - Student{lineId=5689, name='刘德华', qq=65656565, type='java', estimatedTime=2019-03-17, graduateFrom='郑州大学', logUrl='http://www.jnshu.com/school/24388/daily?page=1&orderBy=3&sort=1', will='宣言', senior='流', knowFrom='知乎', id=null, createdAt=1550547456050, updatedAt=null}
2019-02-19 11:37:36,435 [main] [org.springframework.beans.factory.xml.XmlBeanDefinitionReader] [INFO] - Loading XML bean definitions from class path resource [org/springframework/jdbc/support/sql-error-codes.xml]
2019-02-19 11:37:36,477 [main] [org.springframework.jdbc.support.SQLErrorCodesFactory] [INFO] - SQLErrorCodes loaded: [DB2, Derby, H2, HDB, HSQL, Informix, MS-SQL, MySQL, Oracle, PostgreSQL, Sybase]
2019-02-19 11:37:36,494 [Thread-1] [org.springframework.context.support.GenericApplicationContext] [INFO] - Closing org.springframework.context.support.GenericApplicationContext@308820b0: startup date [Tue Feb 19 11:37:35 CST 2019]; root of context hierarchy
2019-02-19 14:15:05,876 [main] [org.springframework.test.context.support.DefaultTestContextBootstrapper] [INFO] - Loaded default TestExecutionListener class names from location [META-INF/spring.factories]: [org.springframework.test.context.web.ServletTestExecutionListener, org.springframework.test.context.support.DirtiesContextBeforeModesTestExecutionListener, org.springframework.test.context.support.DependencyInjectionTestExecutionListener, org.springframework.test.context.support.DirtiesContextTestExecutionListener, org.springframework.test.context.transaction.TransactionalTestExecutionListener, org.springframework.test.context.jdbc.SqlScriptsTestExecutionListener]
2019-02-19 14:15:05,900 [main] [org.springframework.test.context.support.DefaultTestContextBootstrapper] [INFO] - Using TestExecutionListeners: [org.springframework.test.context.web.ServletTestExecutionListener@7139e9f8, org.springframework.test.context.support.DirtiesContextBeforeModesTestExecutionListener@112fd2db, org.springframework.test.context.support.DependencyInjectionTestExecutionListener@5abc30ad, org.springframework.test.context.support.DirtiesContextTestExecutionListener@791fdc64, org.springframework.test.context.transaction.TransactionalTestExecutionListener@1abe675c, org.springframework.test.context.jdbc.SqlScriptsTestExecutionListener@4a73d6bb]
2019-02-19 14:15:06,029 [main] [org.springframework.beans.factory.xml.XmlBeanDefinitionReader] [INFO] - Loading XML bean definitions from class path resource [spring-mybatis.xml]
2019-02-19 14:15:06,386 [main] [org.springframework.context.support.GenericApplicationContext] [INFO] - Refreshing org.springframework.context.support.GenericApplicationContext@308820b0: startup date [Tue Feb 19 14:15:06 CST 2019]; root of context hierarchy
2019-02-19 14:15:06,676 [main] [com.mchange.v2.log.MLog] [INFO] - MLog clients using log4j logging.
2019-02-19 14:15:07,295 [main] [StudentDaoTest] [INFO] - Student{lineId=5689, name='刘德华', qq=65656565, type='java', estimatedTime=2019-02-23, graduateFrom='郑州大学', logUrl='http://www.jnshu.com/school/24388/daily?page=1&orderBy=3&sort=1', will='宣言', senior='流', knowFrom='知乎', id=null, createdAt=1550556907294, updatedAt=null}
2019-02-19 14:15:16,581 [com.mchange.v2.async.ThreadPoolAsynchronousRunner$PoolThread-#2] [com.mchange.v2.resourcepool.BasicResourcePool] [WARN] - com.mchange.v2.resourcepool.BasicResourcePool$AcquireTask@87d66d5 -- Acquisition Attempt Failed!!! Clearing pending acquires. While trying to acquire a needed new resource, we failed to succeed more than the maximum number of allowed acquisition attempts (2). Last acquisition attempt exception: 
com.mysql.jdbc.exceptions.jdbc4.MySQLNonTransientConnectionException: Could not create connection to database server. Attempted reconnect 3 times. Giving up.
	at sun.reflect.NativeConstructorAccessorImpl.newInstance0(Native Method)
	at sun.reflect.NativeConstructorAccessorImpl.newInstance(NativeConstructorAccessorImpl.java:57)
	at sun.reflect.DelegatingConstructorAccessorImpl.newInstance(DelegatingConstructorAccessorImpl.java:45)
	at java.lang.reflect.Constructor.newInstance(Constructor.java:526)
	at com.mysql.jdbc.Util.handleNewInstance(Util.java:404)
	at com.mysql.jdbc.Util.getInstance(Util.java:387)
	at com.mysql.jdbc.SQLError.createSQLException(SQLError.java:917)
	at com.mysql.jdbc.SQLError.createSQLException(SQLError.java:896)
	at com.mysql.jdbc.SQLError.createSQLException(SQLError.java:885)
	at com.mysql.jdbc.SQLError.createSQLException(SQLError.java:860)
	at com.mysql.jdbc.ConnectionImpl.connectWithRetries(ConnectionImpl.java:2165)
	at com.mysql.jdbc.ConnectionImpl.createNewIO(ConnectionImpl.java:2090)
	at com.mysql.jdbc.ConnectionImpl.<init>(ConnectionImpl.java:795)
	at com.mysql.jdbc.JDBC4Connection.<init>(JDBC4Connection.java:44)
	at sun.reflect.NativeConstructorAccessorImpl.newInstance0(Native Method)
	at sun.reflect.NativeConstructorAccessorImpl.newInstance(NativeConstructorAccessorImpl.java:57)
	at sun.reflect.DelegatingConstructorAccessorImpl.newInstance(DelegatingConstructorAccessorImpl.java:45)
	at java.lang.reflect.Constructor.newInstance(Constructor.java:526)
	at com.mysql.jdbc.Util.handleNewInstance(Util.java:404)
	at com.mysql.jdbc.ConnectionImpl.getInstance(ConnectionImpl.java:400)
	at com.mysql.jdbc.NonRegisteringDriver.connect(NonRegisteringDriver.java:327)
	at com.mchange.v2.c3p0.DriverManagerDataSource.getConnection(DriverManagerDataSource.java:134)
	at com.mchange.v2.c3p0.WrapperConnectionPoolDataSource.getPooledConnection(WrapperConnectionPoolDataSource.java:182)
	at com.mchange.v2.c3p0.WrapperConnectionPoolDataSource.getPooledConnection(WrapperConnectionPoolDataSource.java:171)
	at com.mchange.v2.c3p0.impl.C3P0PooledConnectionPool$1PooledConnectionResourcePoolManager.acquireResource(C3P0PooledConnectionPool.java:137)
	at com.mchange.v2.resourcepool.BasicResourcePool.doAcquire(BasicResourcePool.java:1014)
	at com.mchange.v2.resourcepool.BasicResourcePool.access$800(BasicResourcePool.java:32)
	at com.mchange.v2.resourcepool.BasicResourcePool$AcquireTask.run(BasicResourcePool.java:1810)
	at com.mchange.v2.async.ThreadPoolAsynchronousRunner$PoolThread.run(ThreadPoolAsynchronousRunner.java:547)
Caused by: com.mysql.jdbc.exceptions.jdbc4.CommunicationsException: Communications link failure

The last packet sent successfully to the server was 0 milliseconds ago. The driver has not received any packets from the server.
	at sun.reflect.NativeConstructorAccessorImpl.newInstance0(Native Method)
	at sun.reflect.NativeConstructorAccessorImpl.newInstance(NativeConstructorAccessorImpl.java:57)
	at sun.reflect.DelegatingConstructorAccessorImpl.newInstance(DelegatingConstructorAccessorImpl.java:45)
	at java.lang.reflect.Constructor.newInstance(Constructor.java:526)
	at com.mysql.jdbc.Util.handleNewInstance(Util.java:404)
	at com.mysql.jdbc.SQLError.createCommunicationsException(SQLError.java:981)
	at com.mysql.jdbc.MysqlIO.<init>(MysqlIO.java:339)
	at com.mysql.jdbc.ConnectionImpl.coreConnect(ConnectionImpl.java:2253)
	at com.mysql.jdbc.ConnectionImpl.connectWithRetries(ConnectionImpl.java:2106)
	... 18 more
Caused by: java.net.ConnectException: Connection refused
	at java.net.PlainSocketImpl.socketConnect(Native Method)
	at java.net.AbstractPlainSocketImpl.doConnect(AbstractPlainSocketImpl.java:339)
	at java.net.AbstractPlainSocketImpl.connectToAddress(AbstractPlainSocketImpl.java:200)
	at java.net.AbstractPlainSocketImpl.connect(AbstractPlainSocketImpl.java:182)
	at java.net.SocksSocketImpl.connect(SocksSocketImpl.java:392)
	at java.net.Socket.connect(Socket.java:579)
	at com.mysql.jdbc.StandardSocketFactory.connect(StandardSocketFactory.java:211)
	at com.mysql.jdbc.MysqlIO.<init>(MysqlIO.java:298)
	... 20 more
2019-02-19 14:15:16,581 [com.mchange.v2.async.ThreadPoolAsynchronousRunner$PoolThread-#0] [com.mchange.v2.resourcepool.BasicResourcePool] [WARN] - com.mchange.v2.resourcepool.BasicResourcePool$AcquireTask@2e85f2f0 -- Acquisition Attempt Failed!!! Clearing pending acquires. While trying to acquire a needed new resource, we failed to succeed more than the maximum number of allowed acquisition attempts (2). Last acquisition attempt exception: 
com.mysql.jdbc.exceptions.jdbc4.MySQLNonTransientConnectionException: Could not create connection to database server. Attempted reconnect 3 times. Giving up.
	at sun.reflect.NativeConstructorAccessorImpl.newInstance0(Native Method)
	at sun.reflect.NativeConstructorAccessorImpl.newInstance(NativeConstructorAccessorImpl.java:57)
	at sun.reflect.DelegatingConstructorAccessorImpl.newInstance(DelegatingConstructorAccessorImpl.java:45)
	at java.lang.reflect.Constructor.newInstance(Constructor.java:526)
	at com.mysql.jdbc.Util.handleNewInstance(Util.java:404)
	at com.mysql.jdbc.Util.getInstance(Util.java:387)
	at com.mysql.jdbc.SQLError.createSQLException(SQLError.java:917)
	at com.mysql.jdbc.SQLError.createSQLException(SQLError.java:896)
	at com.mysql.jdbc.SQLError.createSQLException(SQLError.java:885)
	at com.mysql.jdbc.SQLError.createSQLException(SQLError.java:860)
	at com.mysql.jdbc.ConnectionImpl.connectWithRetries(ConnectionImpl.java:2165)
	at com.mysql.jdbc.ConnectionImpl.createNewIO(ConnectionImpl.java:2090)
	at com.mysql.jdbc.ConnectionImpl.<init>(ConnectionImpl.java:795)
	at com.mysql.jdbc.JDBC4Connection.<init>(JDBC4Connection.java:44)
	at sun.reflect.NativeConstructorAccessorImpl.newInstance0(Native Method)
	at sun.reflect.NativeConstructorAccessorImpl.newInstance(NativeConstructorAccessorImpl.java:57)
	at sun.reflect.DelegatingConstructorAccessorImpl.newInstance(DelegatingConstructorAccessorImpl.java:45)
	at java.lang.reflect.Constructor.newInstance(Constructor.java:526)
	at com.mysql.jdbc.Util.handleNewInstance(Util.java:404)
	at com.mysql.jdbc.ConnectionImpl.getInstance(ConnectionImpl.java:400)
	at com.mysql.jdbc.NonRegisteringDriver.connect(NonRegisteringDriver.java:327)
	at com.mchange.v2.c3p0.DriverManagerDataSource.getConnection(DriverManagerDataSource.java:134)
	at com.mchange.v2.c3p0.WrapperConnectionPoolDataSource.getPooledConnection(WrapperConnectionPoolDataSource.java:182)
	at com.mchange.v2.c3p0.WrapperConnectionPoolDataSource.getPooledConnection(WrapperConnectionPoolDataSource.java:171)
	at com.mchange.v2.c3p0.impl.C3P0PooledConnectionPool$1PooledConnectionResourcePoolManager.acquireResource(C3P0PooledConnectionPool.java:137)
	at com.mchange.v2.resourcepool.BasicResourcePool.doAcquire(BasicResourcePool.java:1014)
	at com.mchange.v2.resourcepool.BasicResourcePool.access$800(BasicResourcePool.java:32)
	at com.mchange.v2.resourcepool.BasicResourcePool$AcquireTask.run(BasicResourcePool.java:1810)
	at com.mchange.v2.async.ThreadPoolAsynchronousRunner$PoolThread.run(ThreadPoolAsynchronousRunner.java:547)
Caused by: com.mysql.jdbc.exceptions.jdbc4.CommunicationsException: Communications link failure

The last packet sent successfully to the server was 0 milliseconds ago. The driver has not received any packets from the server.
	at sun.reflect.NativeConstructorAccessorImpl.newInstance0(Native Method)
	at sun.reflect.NativeConstructorAccessorImpl.newInstance(NativeConstructorAccessorImpl.java:57)
	at sun.reflect.DelegatingConstructorAccessorImpl.newInstance(DelegatingConstructorAccessorImpl.java:45)
	at java.lang.reflect.Constructor.newInstance(Constructor.java:526)
	at com.mysql.jdbc.Util.handleNewInstance(Util.java:404)
	at com.mysql.jdbc.SQLError.createCommunicationsException(SQLError.java:981)
	at com.mysql.jdbc.MysqlIO.<init>(MysqlIO.java:339)
	at com.mysql.jdbc.ConnectionImpl.coreConnect(ConnectionImpl.java:2253)
	at com.mysql.jdbc.ConnectionImpl.connectWithRetries(ConnectionImpl.java:2106)
	... 18 more
Caused by: java.net.ConnectException: Connection refused
	at java.net.PlainSocketImpl.socketConnect(Native Method)
	at java.net.AbstractPlainSocketImpl.doConnect(AbstractPlainSocketImpl.java:339)
	at java.net.AbstractPlainSocketImpl.connectToAddress(AbstractPlainSocketImpl.java:200)
	at java.net.AbstractPlainSocketImpl.connect(AbstractPlainSocketImpl.java:182)
	at java.net.SocksSocketImpl.connect(SocksSocketImpl.java:392)
	at java.net.Socket.connect(Socket.java:579)
	at com.mysql.jdbc.StandardSocketFactory.connect(StandardSocketFactory.java:211)
	at com.mysql.jdbc.MysqlIO.<init>(MysqlIO.java:298)
	... 20 more
2019-02-19 14:15:16,581 [com.mchange.v2.async.ThreadPoolAsynchronousRunner$PoolThread-#1] [com.mchange.v2.resourcepool.BasicResourcePool] [WARN] - com.mchange.v2.resourcepool.BasicResourcePool$AcquireTask@60ea2e4d -- Acquisition Attempt Failed!!! Clearing pending acquires. While trying to acquire a needed new resource, we failed to succeed more than the maximum number of allowed acquisition attempts (2). Last acquisition attempt exception: 
com.mysql.jdbc.exceptions.jdbc4.MySQLNonTransientConnectionException: Could not create connection to database server. Attempted reconnect 3 times. Giving up.
	at sun.reflect.NativeConstructorAccessorImpl.newInstance0(Native Method)
	at sun.reflect.NativeConstructorAccessorImpl.newInstance(NativeConstructorAccessorImpl.java:57)
	at sun.reflect.DelegatingConstructorAccessorImpl.newInstance(DelegatingConstructorAccessorImpl.java:45)
	at java.lang.reflect.Constructor.newInstance(Constructor.java:526)
	at com.mysql.jdbc.Util.handleNewInstance(Util.java:404)
	at com.mysql.jdbc.Util.getInstance(Util.java:387)
	at com.mysql.jdbc.SQLError.createSQLException(SQLError.java:917)
	at com.mysql.jdbc.SQLError.createSQLException(SQLError.java:896)
	at com.mysql.jdbc.SQLError.createSQLException(SQLError.java:885)
	at com.mysql.jdbc.SQLError.createSQLException(SQLError.java:860)
	at com.mysql.jdbc.ConnectionImpl.connectWithRetries(ConnectionImpl.java:2165)
	at com.mysql.jdbc.ConnectionImpl.createNewIO(ConnectionImpl.java:2090)
	at com.mysql.jdbc.ConnectionImpl.<init>(ConnectionImpl.java:795)
	at com.mysql.jdbc.JDBC4Connection.<init>(JDBC4Connection.java:44)
	at sun.reflect.NativeConstructorAccessorImpl.newInstance0(Native Method)
	at sun.reflect.NativeConstructorAccessorImpl.newInstance(NativeConstructorAccessorImpl.java:57)
	at sun.reflect.DelegatingConstructorAccessorImpl.newInstance(DelegatingConstructorAccessorImpl.java:45)
	at java.lang.reflect.Constructor.newInstance(Constructor.java:526)
	at com.mysql.jdbc.Util.handleNewInstance(Util.java:404)
	at com.mysql.jdbc.ConnectionImpl.getInstance(ConnectionImpl.java:400)
	at com.mysql.jdbc.NonRegisteringDriver.connect(NonRegisteringDriver.java:327)
	at com.mchange.v2.c3p0.DriverManagerDataSource.getConnection(DriverManagerDataSource.java:134)
	at com.mchange.v2.c3p0.WrapperConnectionPoolDataSource.getPooledConnection(WrapperConnectionPoolDataSource.java:182)
	at com.mchange.v2.c3p0.WrapperConnectionPoolDataSource.getPooledConnection(WrapperConnectionPoolDataSource.java:171)
	at com.mchange.v2.c3p0.impl.C3P0PooledConnectionPool$1PooledConnectionResourcePoolManager.acquireResource(C3P0PooledConnectionPool.java:137)
	at com.mchange.v2.resourcepool.BasicResourcePool.doAcquire(BasicResourcePool.java:1014)
	at com.mchange.v2.resourcepool.BasicResourcePool.access$800(BasicResourcePool.java:32)
	at com.mchange.v2.resourcepool.BasicResourcePool$AcquireTask.run(BasicResourcePool.java:1810)
	at com.mchange.v2.async.ThreadPoolAsynchronousRunner$PoolThread.run(ThreadPoolAsynchronousRunner.java:547)
Caused by: com.mysql.jdbc.exceptions.jdbc4.CommunicationsException: Communications link failure

The last packet sent successfully to the server was 0 milliseconds ago. The driver has not received any packets from the server.
	at sun.reflect.NativeConstructorAccessorImpl.newInstance0(Native Method)
	at sun.reflect.NativeConstructorAccessorImpl.newInstance(NativeConstructorAccessorImpl.java:57)
	at sun.reflect.DelegatingConstructorAccessorImpl.newInstance(DelegatingConstructorAccessorImpl.java:45)
	at java.lang.reflect.Constructor.newInstance(Constructor.java:526)
	at com.mysql.jdbc.Util.handleNewInstance(Util.java:404)
	at com.mysql.jdbc.SQLError.createCommunicationsException(SQLError.java:981)
	at com.mysql.jdbc.MysqlIO.<init>(MysqlIO.java:339)
	at com.mysql.jdbc.ConnectionImpl.coreConnect(ConnectionImpl.java:2253)
	at com.mysql.jdbc.ConnectionImpl.connectWithRetries(ConnectionImpl.java:2106)
	... 18 more
Caused by: java.net.ConnectException: Connection refused
	at java.net.PlainSocketImpl.socketConnect(Native Method)
	at java.net.AbstractPlainSocketImpl.doConnect(AbstractPlainSocketImpl.java:339)
	at java.net.AbstractPlainSocketImpl.connectToAddress(AbstractPlainSocketImpl.java:200)
	at java.net.AbstractPlainSocketImpl.connect(AbstractPlainSocketImpl.java:182)
	at java.net.SocksSocketImpl.connect(SocksSocketImpl.java:392)
	at java.net.Socket.connect(Socket.java:579)
	at com.mysql.jdbc.StandardSocketFactory.connect(StandardSocketFactory.java:211)
	at com.mysql.jdbc.MysqlIO.<init>(MysqlIO.java:298)
	... 20 more
2019-02-19 14:15:16,603 [Thread-1] [org.springframework.context.support.GenericApplicationContext] [INFO] - Closing org.springframework.context.support.GenericApplicationContext@308820b0: startup date [Tue Feb 19 14:15:06 CST 2019]; root of context hierarchy
2019-02-19 14:17:43,002 [main] [org.springframework.test.context.support.DefaultTestContextBootstrapper] [INFO] - Loaded default TestExecutionListener class names from location [META-INF/spring.factories]: [org.springframework.test.context.web.ServletTestExecutionListener, org.springframework.test.context.support.DirtiesContextBeforeModesTestExecutionListener, org.springframework.test.context.support.DependencyInjectionTestExecutionListener, org.springframework.test.context.support.DirtiesContextTestExecutionListener, org.springframework.test.context.transaction.TransactionalTestExecutionListener, org.springframework.test.context.jdbc.SqlScriptsTestExecutionListener]
2019-02-19 14:17:43,016 [main] [org.springframework.test.context.support.DefaultTestContextBootstrapper] [INFO] - Using TestExecutionListeners: [org.springframework.test.context.web.ServletTestExecutionListener@112fd2db, org.springframework.test.context.support.DirtiesContextBeforeModesTestExecutionListener@5abc30ad, org.springframework.test.context.support.DependencyInjectionTestExecutionListener@791fdc64, org.springframework.test.context.support.DirtiesContextTestExecutionListener@1abe675c, org.springframework.test.context.transaction.TransactionalTestExecutionListener@4a73d6bb, org.springframework.test.context.jdbc.SqlScriptsTestExecutionListener@7b16b52c]
2019-02-19 14:17:43,101 [main] [org.springframework.beans.factory.xml.XmlBeanDefinitionReader] [INFO] - Loading XML bean definitions from class path resource [spring-mybatis.xml]
2019-02-19 14:17:43,321 [main] [org.springframework.context.support.GenericApplicationContext] [INFO] - Refreshing org.springframework.context.support.GenericApplicationContext@391a1bb4: startup date [Tue Feb 19 14:17:43 CST 2019]; root of context hierarchy
2019-02-19 14:17:43,593 [main] [com.mchange.v2.log.MLog] [INFO] - MLog clients using log4j logging.
2019-02-19 14:17:44,136 [main] [StudentDaoTest] [INFO] - Student{lineId=5689, name='刘德华', qq=65656565, type='java', estimatedTime=2019-03-16, graduateFrom='郑州大学', logUrl='http://www.jnshu.com/school/24388/daily?page=1&orderBy=3&sort=1', will='宣言', senior='流', knowFrom='知乎', id=null, createdAt=1550557064136, updatedAt=null}
2019-02-19 14:17:44,481 [main] [org.springframework.beans.factory.xml.XmlBeanDefinitionReader] [INFO] - Loading XML bean definitions from class path resource [org/springframework/jdbc/support/sql-error-codes.xml]
2019-02-19 14:17:44,517 [main] [org.springframework.jdbc.support.SQLErrorCodesFactory] [INFO] - SQLErrorCodes loaded: [DB2, Derby, H2, HDB, HSQL, Informix, MS-SQL, MySQL, Oracle, PostgreSQL, Sybase]
2019-02-19 14:17:44,534 [Thread-1] [org.springframework.context.support.GenericApplicationContext] [INFO] - Closing org.springframework.context.support.GenericApplicationContext@391a1bb4: startup date [Tue Feb 19 14:17:43 CST 2019]; root of context hierarchy
2019-02-19 14:26:22,474 [main] [org.springframework.test.context.support.DefaultTestContextBootstrapper] [INFO] - Loaded default TestExecutionListener class names from location [META-INF/spring.factories]: [org.springframework.test.context.web.ServletTestExecutionListener, org.springframework.test.context.support.DirtiesContextBeforeModesTestExecutionListener, org.springframework.test.context.support.DependencyInjectionTestExecutionListener, org.springframework.test.context.support.DirtiesContextTestExecutionListener, org.springframework.test.context.transaction.TransactionalTestExecutionListener, org.springframework.test.context.jdbc.SqlScriptsTestExecutionListener]
2019-02-19 14:26:22,491 [main] [org.springframework.test.context.support.DefaultTestContextBootstrapper] [INFO] - Using TestExecutionListeners: [org.springframework.test.context.web.ServletTestExecutionListener@112fd2db, org.springframework.test.context.support.DirtiesContextBeforeModesTestExecutionListener@5abc30ad, org.springframework.test.context.support.DependencyInjectionTestExecutionListener@791fdc64, org.springframework.test.context.support.DirtiesContextTestExecutionListener@1abe675c, org.springframework.test.context.transaction.TransactionalTestExecutionListener@4a73d6bb, org.springframework.test.context.jdbc.SqlScriptsTestExecutionListener@7b16b52c]
2019-02-19 14:26:22,572 [main] [org.springframework.beans.factory.xml.XmlBeanDefinitionReader] [INFO] - Loading XML bean definitions from class path resource [spring-mybatis.xml]
2019-02-19 14:26:22,788 [main] [org.springframework.context.support.GenericApplicationContext] [INFO] - Refreshing org.springframework.context.support.GenericApplicationContext@391a1bb4: startup date [Tue Feb 19 14:26:22 CST 2019]; root of context hierarchy
2019-02-19 14:26:23,077 [main] [com.mchange.v2.log.MLog] [INFO] - MLog clients using log4j logging.
2019-02-19 14:26:23,622 [main] [StudentDaoTest] [INFO] - Student{lineId=5689, name='刘德华', qq=65656565, type='java', estimatedTime=2019-03-08, graduateFrom='郑州大学', logUrl='http://www.jnshu.com/school/24388/daily?page=1&orderBy=3&sort=1', will='宣言', senior='流', knowFrom='知乎', id=null, createdAt=1550557583622, updatedAt=null}
2019-02-19 14:26:23,981 [main] [org.springframework.beans.factory.xml.XmlBeanDefinitionReader] [INFO] - Loading XML bean definitions from class path resource [org/springframework/jdbc/support/sql-error-codes.xml]
2019-02-19 14:26:24,024 [main] [org.springframework.jdbc.support.SQLErrorCodesFactory] [INFO] - SQLErrorCodes loaded: [DB2, Derby, H2, HDB, HSQL, Informix, MS-SQL, MySQL, Oracle, PostgreSQL, Sybase]
2019-02-19 14:26:24,042 [Thread-1] [org.springframework.context.support.GenericApplicationContext] [INFO] - Closing org.springframework.context.support.GenericApplicationContext@391a1bb4: startup date [Tue Feb 19 14:26:22 CST 2019]; root of context hierarchy
2019-02-19 14:37:39,294 [main] [org.springframework.test.context.support.DefaultTestContextBootstrapper] [INFO] - Loaded default TestExecutionListener class names from location [META-INF/spring.factories]: [org.springframework.test.context.web.ServletTestExecutionListener, org.springframework.test.context.support.DirtiesContextBeforeModesTestExecutionListener, org.springframework.test.context.support.DependencyInjectionTestExecutionListener, org.springframework.test.context.support.DirtiesContextTestExecutionListener, org.springframework.test.context.transaction.TransactionalTestExecutionListener, org.springframework.test.context.jdbc.SqlScriptsTestExecutionListener]
2019-02-19 14:37:39,308 [main] [org.springframework.test.context.support.DefaultTestContextBootstrapper] [INFO] - Using TestExecutionListeners: [org.springframework.test.context.web.ServletTestExecutionListener@112fd2db, org.springframework.test.context.support.DirtiesContextBeforeModesTestExecutionListener@5abc30ad, org.springframework.test.context.support.DependencyInjectionTestExecutionListener@791fdc64, org.springframework.test.context.support.DirtiesContextTestExecutionListener@1abe675c, org.springframework.test.context.transaction.TransactionalTestExecutionListener@4a73d6bb, org.springframework.test.context.jdbc.SqlScriptsTestExecutionListener@7b16b52c]
2019-02-19 14:37:39,390 [main] [org.springframework.beans.factory.xml.XmlBeanDefinitionReader] [INFO] - Loading XML bean definitions from class path resource [spring-mybatis.xml]
2019-02-19 14:37:39,598 [main] [org.springframework.context.support.GenericApplicationContext] [INFO] - Refreshing org.springframework.context.support.GenericApplicationContext@391a1bb4: startup date [Tue Feb 19 14:37:39 CST 2019]; root of context hierarchy
2019-02-19 14:37:39,890 [main] [com.mchange.v2.log.MLog] [INFO] - MLog clients using log4j logging.
2019-02-19 14:37:40,468 [main] [StudentDaoTest] [INFO] - 10
2019-02-19 14:37:40,468 [main] [StudentDaoTest] [INFO] - Student{lineId=5689, name='刘德华', qq=65656565, type='java', estimatedTime=2019-02-23, graduateFrom='郑州大学', logUrl='http://www.jnshu.com/school/24388/daily?page=1&orderBy=3&sort=1', will='宣言', senior='流', knowFrom='知乎', id=null, createdAt=1550558260468, updatedAt=null}
2019-02-19 14:37:40,797 [main] [org.springframework.beans.factory.xml.XmlBeanDefinitionReader] [INFO] - Loading XML bean definitions from class path resource [org/springframework/jdbc/support/sql-error-codes.xml]
2019-02-19 14:37:40,839 [main] [org.springframework.jdbc.support.SQLErrorCodesFactory] [INFO] - SQLErrorCodes loaded: [DB2, Derby, H2, HDB, HSQL, Informix, MS-SQL, MySQL, Oracle, PostgreSQL, Sybase]
2019-02-19 14:37:40,856 [Thread-1] [org.springframework.context.support.GenericApplicationContext] [INFO] - Closing org.springframework.context.support.GenericApplicationContext@391a1bb4: startup date [Tue Feb 19 14:37:39 CST 2019]; root of context hierarchy
2019-02-19 14:48:51,079 [main] [org.springframework.test.context.support.DefaultTestContextBootstrapper] [INFO] - Loaded default TestExecutionListener class names from location [META-INF/spring.factories]: [org.springframework.test.context.web.ServletTestExecutionListener, org.springframework.test.context.support.DirtiesContextBeforeModesTestExecutionListener, org.springframework.test.context.support.DependencyInjectionTestExecutionListener, org.springframework.test.context.support.DirtiesContextTestExecutionListener, org.springframework.test.context.transaction.TransactionalTestExecutionListener, org.springframework.test.context.jdbc.SqlScriptsTestExecutionListener]
2019-02-19 14:48:51,094 [main] [org.springframework.test.context.support.DefaultTestContextBootstrapper] [INFO] - Using TestExecutionListeners: [org.springframework.test.context.web.ServletTestExecutionListener@7139e9f8, org.springframework.test.context.support.DirtiesContextBeforeModesTestExecutionListener@112fd2db, org.springframework.test.context.support.DependencyInjectionTestExecutionListener@5abc30ad, org.springframework.test.context.support.DirtiesContextTestExecutionListener@791fdc64, org.springframework.test.context.transaction.TransactionalTestExecutionListener@1abe675c, org.springframework.test.context.jdbc.SqlScriptsTestExecutionListener@4a73d6bb]
2019-02-19 14:48:51,178 [main] [org.springframework.beans.factory.xml.XmlBeanDefinitionReader] [INFO] - Loading XML bean definitions from class path resource [spring-mybatis.xml]
2019-02-19 14:48:51,391 [main] [org.springframework.context.support.GenericApplicationContext] [INFO] - Refreshing org.springframework.context.support.GenericApplicationContext@308820b0: startup date [Tue Feb 19 14:48:51 CST 2019]; root of context hierarchy
2019-02-19 14:48:51,684 [main] [com.mchange.v2.log.MLog] [INFO] - MLog clients using log4j logging.
2019-02-19 14:48:52,242 [main] [StudentDaoTest] [INFO] - 10
2019-02-19 14:48:52,242 [main] [StudentDaoTest] [INFO] - Student{lineId=5689, name='刘德华', qq=65656565, type='java', estimatedTime=2019-03-20, graduateFrom='郑州大学', logUrl='http://www.jnshu.com/school/24388/daily?page=1&orderBy=3&sort=1', will='宣言', senior='流', knowFrom='知乎', id=null, createdAt=1550558932242, updatedAt=null}
2019-02-19 14:48:52,575 [main] [org.springframework.beans.factory.xml.XmlBeanDefinitionReader] [INFO] - Loading XML bean definitions from class path resource [org/springframework/jdbc/support/sql-error-codes.xml]
2019-02-19 14:48:52,613 [main] [org.springframework.jdbc.support.SQLErrorCodesFactory] [INFO] - SQLErrorCodes loaded: [DB2, Derby, H2, HDB, HSQL, Informix, MS-SQL, MySQL, Oracle, PostgreSQL, Sybase]
2019-02-19 14:48:52,630 [Thread-1] [org.springframework.context.support.GenericApplicationContext] [INFO] - Closing org.springframework.context.support.GenericApplicationContext@308820b0: startup date [Tue Feb 19 14:48:51 CST 2019]; root of context hierarchy
2019-02-19 14:55:04,020 [main] [org.springframework.test.context.support.DefaultTestContextBootstrapper] [INFO] - Loaded default TestExecutionListener class names from location [META-INF/spring.factories]: [org.springframework.test.context.web.ServletTestExecutionListener, org.springframework.test.context.support.DirtiesContextBeforeModesTestExecutionListener, org.springframework.test.context.support.DependencyInjectionTestExecutionListener, org.springframework.test.context.support.DirtiesContextTestExecutionListener, org.springframework.test.context.transaction.TransactionalTestExecutionListener, org.springframework.test.context.jdbc.SqlScriptsTestExecutionListener]
2019-02-19 14:55:04,035 [main] [org.springframework.test.context.support.DefaultTestContextBootstrapper] [INFO] - Using TestExecutionListeners: [org.springframework.test.context.web.ServletTestExecutionListener@737a8712, org.springframework.test.context.support.DirtiesContextBeforeModesTestExecutionListener@7139e9f8, org.springframework.test.context.support.DependencyInjectionTestExecutionListener@112fd2db, org.springframework.test.context.support.DirtiesContextTestExecutionListener@5abc30ad, org.springframework.test.context.transaction.TransactionalTestExecutionListener@791fdc64, org.springframework.test.context.jdbc.SqlScriptsTestExecutionListener@1abe675c]
2019-02-19 14:55:04,115 [main] [org.springframework.beans.factory.xml.XmlBeanDefinitionReader] [INFO] - Loading XML bean definitions from class path resource [spring-mybatis.xml]
2019-02-19 14:55:04,319 [main] [org.springframework.context.support.GenericApplicationContext] [INFO] - Refreshing org.springframework.context.support.GenericApplicationContext@737797b1: startup date [Tue Feb 19 14:55:04 CST 2019]; root of context hierarchy
2019-02-19 14:55:04,611 [main] [com.mchange.v2.log.MLog] [INFO] - MLog clients using log4j logging.
2019-02-19 14:55:05,167 [main] [StudentDaoTest] [INFO] - Student{lineId=5689, name='刘德华', qq=65656565, type='java', estimatedTime=null, graduateFrom='郑州大学', logUrl='http://www.jnshu.com/school/24388/daily?page=1&orderBy=3&sort=1', will='宣言', senior='流', knowFrom='知乎', id=null, createdAt=1550559305166, updatedAt=null}
2019-02-19 14:55:05,498 [main] [org.springframework.beans.factory.xml.XmlBeanDefinitionReader] [INFO] - Loading XML bean definitions from class path resource [org/springframework/jdbc/support/sql-error-codes.xml]
2019-02-19 14:55:05,536 [main] [org.springframework.jdbc.support.SQLErrorCodesFactory] [INFO] - SQLErrorCodes loaded: [DB2, Derby, H2, HDB, HSQL, Informix, MS-SQL, MySQL, Oracle, PostgreSQL, Sybase]
2019-02-19 14:55:05,552 [Thread-1] [org.springframework.context.support.GenericApplicationContext] [INFO] - Closing org.springframework.context.support.GenericApplicationContext@737797b1: startup date [Tue Feb 19 14:55:04 CST 2019]; root of context hierarchy
2019-02-19 14:56:25,123 [main] [org.springframework.test.context.support.DefaultTestContextBootstrapper] [INFO] - Loaded default TestExecutionListener class names from location [META-INF/spring.factories]: [org.springframework.test.context.web.ServletTestExecutionListener, org.springframework.test.context.support.DirtiesContextBeforeModesTestExecutionListener, org.springframework.test.context.support.DependencyInjectionTestExecutionListener, org.springframework.test.context.support.DirtiesContextTestExecutionListener, org.springframework.test.context.transaction.TransactionalTestExecutionListener, org.springframework.test.context.jdbc.SqlScriptsTestExecutionListener]
2019-02-19 14:56:25,140 [main] [org.springframework.test.context.support.DefaultTestContextBootstrapper] [INFO] - Using TestExecutionListeners: [org.springframework.test.context.web.ServletTestExecutionListener@112fd2db, org.springframework.test.context.support.DirtiesContextBeforeModesTestExecutionListener@5abc30ad, org.springframework.test.context.support.DependencyInjectionTestExecutionListener@791fdc64, org.springframework.test.context.support.DirtiesContextTestExecutionListener@1abe675c, org.springframework.test.context.transaction.TransactionalTestExecutionListener@4a73d6bb, org.springframework.test.context.jdbc.SqlScriptsTestExecutionListener@7b16b52c]
2019-02-19 14:56:25,221 [main] [org.springframework.beans.factory.xml.XmlBeanDefinitionReader] [INFO] - Loading XML bean definitions from class path resource [spring-mybatis.xml]
2019-02-19 14:56:25,425 [main] [org.springframework.context.support.GenericApplicationContext] [INFO] - Refreshing org.springframework.context.support.GenericApplicationContext@391a1bb4: startup date [Tue Feb 19 14:56:25 CST 2019]; root of context hierarchy
2019-02-19 14:56:25,714 [main] [com.mchange.v2.log.MLog] [INFO] - MLog clients using log4j logging.
2019-02-19 14:56:26,277 [main] [StudentDaoTest] [INFO] - Student{lineId=5689, name='刘德华', qq=65656565, type='java', estimatedTime=2019-02-19, graduateFrom='郑州大学', logUrl='http://www.jnshu.com/school/24388/daily?page=1&orderBy=3&sort=1', will='宣言', senior='流', knowFrom='知乎', id=null, createdAt=1550559386277, updatedAt=null}
2019-02-19 14:56:26,574 [main] [org.springframework.beans.factory.xml.XmlBeanDefinitionReader] [INFO] - Loading XML bean definitions from class path resource [org/springframework/jdbc/support/sql-error-codes.xml]
2019-02-19 14:56:26,616 [main] [org.springframework.jdbc.support.SQLErrorCodesFactory] [INFO] - SQLErrorCodes loaded: [DB2, Derby, H2, HDB, HSQL, Informix, MS-SQL, MySQL, Oracle, PostgreSQL, Sybase]
2019-02-19 14:56:26,632 [Thread-1] [org.springframework.context.support.GenericApplicationContext] [INFO] - Closing org.springframework.context.support.GenericApplicationContext@391a1bb4: startup date [Tue Feb 19 14:56:25 CST 2019]; root of context hierarchy
2019-02-19 14:58:01,688 [main] [org.springframework.test.context.support.DefaultTestContextBootstrapper] [INFO] - Loaded default TestExecutionListener class names from location [META-INF/spring.factories]: [org.springframework.test.context.web.ServletTestExecutionListener, org.springframework.test.context.support.DirtiesContextBeforeModesTestExecutionListener, org.springframework.test.context.support.DependencyInjectionTestExecutionListener, org.springframework.test.context.support.DirtiesContextTestExecutionListener, org.springframework.test.context.transaction.TransactionalTestExecutionListener, org.springframework.test.context.jdbc.SqlScriptsTestExecutionListener]
2019-02-19 14:58:01,703 [main] [org.springframework.test.context.support.DefaultTestContextBootstrapper] [INFO] - Using TestExecutionListeners: [org.springframework.test.context.web.ServletTestExecutionListener@7139e9f8, org.springframework.test.context.support.DirtiesContextBeforeModesTestExecutionListener@112fd2db, org.springframework.test.context.support.DependencyInjectionTestExecutionListener@5abc30ad, org.springframework.test.context.support.DirtiesContextTestExecutionListener@791fdc64, org.springframework.test.context.transaction.TransactionalTestExecutionListener@1abe675c, org.springframework.test.context.jdbc.SqlScriptsTestExecutionListener@4a73d6bb]
2019-02-19 14:58:01,788 [main] [org.springframework.beans.factory.xml.XmlBeanDefinitionReader] [INFO] - Loading XML bean definitions from class path resource [spring-mybatis.xml]
2019-02-19 14:58:01,998 [main] [org.springframework.context.support.GenericApplicationContext] [INFO] - Refreshing org.springframework.context.support.GenericApplicationContext@308820b0: startup date [Tue Feb 19 14:58:01 CST 2019]; root of context hierarchy
2019-02-19 14:58:02,272 [main] [com.mchange.v2.log.MLog] [INFO] - MLog clients using log4j logging.
2019-02-19 14:58:02,818 [main] [StudentDaoTest] [INFO] - Student{lineId=5689, name='刘德华', qq=65656565, type='java', estimatedTime=2019-02-23, graduateFrom='郑州大学', logUrl='http://www.jnshu.com/school/24388/daily?page=1&orderBy=3&sort=1', will='宣言', senior='流', knowFrom='知乎', id=null, createdAt=1550559482818, updatedAt=null}
2019-02-19 14:58:03,110 [main] [StudentDaoTest] [INFO] - 1
2019-02-19 14:58:03,112 [Thread-1] [org.springframework.context.support.GenericApplicationContext] [INFO] - Closing org.springframework.context.support.GenericApplicationContext@308820b0: startup date [Tue Feb 19 14:58:01 CST 2019]; root of context hierarchy
2019-02-19 17:19:30,639 [main] [org.springframework.test.context.support.DefaultTestContextBootstrapper] [INFO] - Loaded default TestExecutionListener class names from location [META-INF/spring.factories]: [org.springframework.test.context.web.ServletTestExecutionListener, org.springframework.test.context.support.DirtiesContextBeforeModesTestExecutionListener, org.springframework.test.context.support.DependencyInjectionTestExecutionListener, org.springframework.test.context.support.DirtiesContextTestExecutionListener, org.springframework.test.context.transaction.TransactionalTestExecutionListener, org.springframework.test.context.jdbc.SqlScriptsTestExecutionListener]
2019-02-19 17:19:30,654 [main] [org.springframework.test.context.support.DefaultTestContextBootstrapper] [INFO] - Using TestExecutionListeners: [org.springframework.test.context.web.ServletTestExecutionListener@1e127982, org.springframework.test.context.support.DirtiesContextBeforeModesTestExecutionListener@60c6f5b, org.springframework.test.context.support.DependencyInjectionTestExecutionListener@2038ae61, org.springframework.test.context.support.DirtiesContextTestExecutionListener@3c0f93f1, org.springframework.test.context.transaction.TransactionalTestExecutionListener@31dc339b, org.springframework.test.context.jdbc.SqlScriptsTestExecutionListener@544fe44c]
2019-02-19 17:19:30,712 [main] [org.springframework.beans.factory.xml.XmlBeanDefinitionReader] [INFO] - Loading XML bean definitions from class path resource [spring-mybatis.xml]
2019-02-19 17:19:30,949 [main] [org.springframework.context.support.GenericApplicationContext] [INFO] - Refreshing org.springframework.context.support.GenericApplicationContext@1f554b06: startup date [Tue Feb 19 17:19:30 CST 2019]; root of context hierarchy
2019-02-19 17:19:31,143 [main] [com.mchange.v2.log.MLog] [INFO] - MLog clients using log4j logging.
2019-02-19 17:19:31,955 [main] [StudentDaoTest] [INFO] - {name=测, page=Page{pageNum=1, pageRows=5, totalRows=87, totalPages=18, beginRownum=0, endRownum=5}}
2019-02-19 17:19:31,985 [main] [StudentDaoTest] [INFO] - [Student{lineId=7032, name='测试', qq=758458439, type='java', estimatedTime=null, graduateFrom='河南工业大学', logUrl='http://www.jnshu.com/school/24388/daily?page=1&orderBy=3&sort=1', will='爱拼才会赢', senior='李诞', knowFrom='知乎', id=104, createdAt=null, updatedAt=null}, Student{lineId=8987, name='测试', qq=758458439, type='java', estimatedTime=null, graduateFrom='河南工业大学', logUrl='http://www.jnshu.com/school/24388/daily?page=1&orderBy=3&sort=1', will='爱拼才会赢', senior='李诞', knowFrom='知乎', id=110, createdAt=null, updatedAt=null}, Student{lineId=8987, name='测试', qq=758458439, type='java', estimatedTime=null, graduateFrom='河南工业大学', logUrl='http://www.jnshu.com/school/24388/daily?page=1&orderBy=3&sort=1', will='爱拼才会赢', senior='李诞', knowFrom='知乎', id=111, createdAt=null, updatedAt=null}, Student{lineId=8987, name='测试', qq=758458439, type='java', estimatedTime=null, graduateFrom='河南工业大学', logUrl='http://www.jnshu.com/school/24388/daily?page=1&orderBy=3&sort=1', will='爱拼才会赢', senior='李诞', knowFrom='知乎', id=112, createdAt=null, updatedAt=null}, Student{lineId=8987, name='测试', qq=758458439, type='java', estimatedTime=null, graduateFrom='河南工业大学', logUrl='http://www.jnshu.com/school/24388/daily?page=1&orderBy=3&sort=1', will='爱拼才会赢', senior='李诞', knowFrom='知乎', id=113, createdAt=null, updatedAt=null}]
2019-02-19 17:19:31,986 [main] [StudentDaoTest] [INFO] - get student list BeginRownumis 0 pageRows is 5 get result size is 5
2019-02-19 17:19:31,990 [main] [StudentDaoTest] [INFO] - 87
2019-02-19 17:19:31,994 [main] [StudentDaoTest] [INFO] - get map  is {name=, page=Page{pageNum=1, pageRows=5, totalRows=87, totalPages=18, beginRownum=0, endRownum=5}}
2019-02-19 17:19:31,997 [main] [StudentDaoTest] [INFO] - [Student{lineId=2585, name='刘', qq=3565, type='W', estimatedTime=null, graduateFrom='工大', logUrl='dfhsjdfhj', will='天', senior='测试老师', knowFrom='知乎', id=63, createdAt=null, updatedAt=null}, Student{lineId=2585, name='刘', qq=3565, type='WEB', estimatedTime=null, graduateFrom='工大', logUrl='dfhsjdfhj', will='天', senior='测试老师', knowFrom='知乎', id=64, createdAt=null, updatedAt=null}, Student{lineId=2585, name='刘', qq=3565, type='WEB', estimatedTime=null, graduateFrom='工大', logUrl='dfhsjdfhj', will='天', senior='测试老师', knowFrom='知乎', id=65, createdAt=null, updatedAt=null}, Student{lineId=2585, name='刘', qq=3565, type='ui', estimatedTime=null, graduateFrom='工大', logUrl='dfhsjdfhj', will='天', senior='冰冰', knowFrom='知乎', id=66, createdAt=null, updatedAt=1550492209345}, Student{lineId=2585, name='刘', qq=3565, type='WEB', estimatedTime=null, graduateFrom='工大', logUrl='dfhsjdfhj', will='天', senior='测试老师', knowFrom='知乎', id=67, createdAt=null, updatedAt=null}]
2019-02-19 17:19:31,998 [main] [StudentDaoTest] [INFO] - get student list BeginRownumis 0 pageRows is 5 get result size is 5
2019-02-19 17:19:32,000 [main] [com.tian.service.impl.StudentServiceImpl] [INFO] - update student id is 66 type is ui senior is 冰冰upaete time is 1550567972000
2019-02-19 17:19:32,002 [main] [com.tian.service.impl.StudentServiceImpl] [INFO] - 修改学生true
2019-02-19 17:19:32,003 [main] [StudentDaoTest] [INFO] - Student{lineId=5689, name='刘德华', qq=65656565, type='java', estimatedTime=2019-03-30, graduateFrom='郑州大学', logUrl='http://www.jnshu.com/school/24388/daily?page=1&orderBy=3&sort=1', will='宣言', senior='流', knowFrom='知乎', id=null, createdAt=1550567972003, updatedAt=null}
2019-02-19 17:19:32,009 [main] [StudentDaoTest] [INFO] - 1
2019-02-19 17:19:32,010 [main] [StudentDaoTest] [INFO] - delete student id is1
2019-02-19 17:19:32,011 [main] [com.tian.service.impl.StudentServiceImpl] [INFO] - 学生注销false
2019-02-19 17:19:32,039 [Thread-1] [org.springframework.context.support.GenericApplicationContext] [INFO] - Closing org.springframework.context.support.GenericApplicationContext@1f554b06: startup date [Tue Feb 19 17:19:30 CST 2019]; root of context hierarchy
